<?xml version="1.0" encoding="UTF-8"?>
<!-- Generated by org.testng.reporters.JUnitReportReporter -->
<testsuite hostname="DI1USLIV0142WNB" failures="0" tests="2" name="test.Basic_TestNg" time="0.005" errors="0" timestamp="2022-12-19T16:20:39 EST" skipped="0">
  <testcase classname="test.Basic_TestNg" name="Demo1" time="0.000"/>
  <system-out/>
  <testcase classname="test.Basic_TestNg" name="Demo" time="0.005"/>
  <system-out/>
</testsuite> <!-- test.Basic_TestNg -->
