<?xml version="1.0" encoding="UTF-8"?>
<!-- Generated by org.testng.reporters.JUnitReportReporter -->
<testsuite hostname="DI1USLIV0142WNB" failures="0" tests="1" name="test.Demo_TestNG" time="0.005" errors="0" timestamp="2022-12-09T17:58:21 EST" skipped="0">
  <testcase classname="test.Demo_TestNG" name="Demo" time="0.005"/>
  <system-out/>
</testsuite> <!-- test.Demo_TestNG -->
